Assembler report for Giraffe_ADC
Fri Apr 14 18:53:02 2023
Quartus Prime Version 18.1.0 Build 625 09/12/2018 SJ Standard Edition


---------------------
; Table of Contents ;
---------------------
  1. Legal Notice
  2. Assembler Summary
  3. Assembler Settings
  4. Assembler Generated Files
  5. Assembler Device Options: C:/Users/Jinge/OneDrive/400-Research/430-Research/435-GIRAFFE/Giraffe_ADC-dev/output_files/Giraffe_ADC.sof
  6. Assembler Messages



----------------
; Legal Notice ;
----------------
Copyright (C) 2018  Intel Corporation. All rights reserved.
Your use of Intel Corporation's design tools, logic functions 
and other software and tools, and its AMPP partner logic 
functions, and any output files from any of the foregoing 
(including device programming or simulation files), and any 
associated documentation or information are expressly subject 
to the terms and conditions of the Intel Program License 
Subscription Agreement, the Intel Quartus Prime License Agreement,
the Intel FPGA IP License Agreement, or other applicable license
agreement, including, without limitation, that your use is for
the sole purpose of programming logic devices manufactured by
Intel and sold by Intel or its authorized distributors.  Please
refer to the applicable agreement for further details.



+---------------------------------------------------------------+
; Assembler Summary                                             ;
+-----------------------+---------------------------------------+
; Assembler Status      ; Successful - Fri Apr 14 18:53:02 2023 ;
; Revision Name         ; Giraffe_ADC                           ;
; Top-level Entity Name ; Giraffe_ADC                           ;
; Family                ; Cyclone IV E                          ;
; Device                ; EP4CE115F29C7                         ;
+-----------------------+---------------------------------------+


+----------------------------------+
; Assembler Settings               ;
+--------+---------+---------------+
; Option ; Setting ; Default Value ;
+--------+---------+---------------+


+------------------------------------------------------------------------------------------------------------+
; Assembler Generated Files                                                                                  ;
+------------------------------------------------------------------------------------------------------------+
; File Name                                                                                                  ;
+------------------------------------------------------------------------------------------------------------+
; C:/Users/Jinge/OneDrive/400-Research/430-Research/435-GIRAFFE/Giraffe_ADC-dev/output_files/Giraffe_ADC.sof ;
+------------------------------------------------------------------------------------------------------------+


+--------------------------------------------------------------------------------------------------------------------------------------+
; Assembler Device Options: C:/Users/Jinge/OneDrive/400-Research/430-Research/435-GIRAFFE/Giraffe_ADC-dev/output_files/Giraffe_ADC.sof ;
+----------------+---------------------------------------------------------------------------------------------------------------------+
; Option         ; Setting                                                                                                             ;
+----------------+---------------------------------------------------------------------------------------------------------------------+
; JTAG usercode  ; 0x00751EFC                                                                                                          ;
; Checksum       ; 0x00751EFC                                                                                                          ;
+----------------+---------------------------------------------------------------------------------------------------------------------+


+--------------------+
; Assembler Messages ;
+--------------------+
Info: *******************************************************************
Info: Running Quartus Prime Assembler
    Info: Version 18.1.0 Build 625 09/12/2018 SJ Standard Edition
    Info: Processing started: Fri Apr 14 18:52:58 2023
Info: Command: quartus_asm --read_settings_files=off --write_settings_files=off Giraffe_ADC -c Giraffe_ADC
Info (115031): Writing out detailed assembly data for power analysis
Info (115030): Assembler is generating device programming files
Info: Quartus Prime Assembler was successful. 0 errors, 0 warnings
    Info: Peak virtual memory: 4695 megabytes
    Info: Processing ended: Fri Apr 14 18:53:02 2023
    Info: Elapsed time: 00:00:04
    Info: Total CPU time (on all processors): 00:00:03


