Analysis & Synthesis report for Giraffe_ADC
Sun Sep 18 12:48:25 2022
Quartus Prime Version 18.1.0 Build 625 09/12/2018 SJ Standard Edition


---------------------
; Table of Contents ;
---------------------
  1. Legal Notice
  2. Analysis & Synthesis Summary
  3. Analysis & Synthesis Settings
  4. Parallel Compilation
  5. Analysis & Synthesis Source Files Read
  6. Analysis & Synthesis Resource Usage Summary
  7. Analysis & Synthesis Resource Utilization by Entity
  8. State Machine - |Giraffe_ADC|uart_tx:u_uart_tx|cs
  9. Registers Removed During Synthesis
 10. General Register Statistics
 11. Inverted Register Statistics
 12. Parameter Settings for User Entity Instance: Top-level Entity: |Giraffe_ADC
 13. Parameter Settings for User Entity Instance: clk_div:u_clk_div
 14. Parameter Settings for User Entity Instance: uart_tx:u_uart_tx
 15. Port Connectivity Checks: "uart_tx:u_uart_tx"
 16. Post-Synthesis Netlist Statistics for Top Partition
 17. Elapsed Time Per Partition
 18. Analysis & Synthesis Messages



----------------
; Legal Notice ;
----------------
Copyright (C) 2018  Intel Corporation. All rights reserved.
Your use of Intel Corporation's design tools, logic functions 
and other software and tools, and its AMPP partner logic 
functions, and any output files from any of the foregoing 
(including device programming or simulation files), and any 
associated documentation or information are expressly subject 
to the terms and conditions of the Intel Program License 
Subscription Agreement, the Intel Quartus Prime License Agreement,
the Intel FPGA IP License Agreement, or other applicable license
agreement, including, without limitation, that your use is for
the sole purpose of programming logic devices manufactured by
Intel and sold by Intel or its authorized distributors.  Please
refer to the applicable agreement for further details.



+--------------------------------------------------------------------------------------+
; Analysis & Synthesis Summary                                                         ;
+------------------------------------+-------------------------------------------------+
; Analysis & Synthesis Status        ; Successful - Sun Sep 18 12:48:25 2022           ;
; Quartus Prime Version              ; 18.1.0 Build 625 09/12/2018 SJ Standard Edition ;
; Revision Name                      ; Giraffe_ADC                                     ;
; Top-level Entity Name              ; Giraffe_ADC                                     ;
; Family                             ; Cyclone IV E                                    ;
; Total logic elements               ; 131                                             ;
;     Total combinational functions  ; 131                                             ;
;     Dedicated logic registers      ; 75                                              ;
; Total registers                    ; 75                                              ;
; Total pins                         ; 16                                              ;
; Total virtual pins                 ; 0                                               ;
; Total memory bits                  ; 0                                               ;
; Embedded Multiplier 9-bit elements ; 0                                               ;
; Total PLLs                         ; 0                                               ;
+------------------------------------+-------------------------------------------------+


+------------------------------------------------------------------------------------------------------------+
; Analysis & Synthesis Settings                                                                              ;
+------------------------------------------------------------------+--------------------+--------------------+
; Option                                                           ; Setting            ; Default Value      ;
+------------------------------------------------------------------+--------------------+--------------------+
; Device                                                           ; EP4CE115F29C7      ;                    ;
; Top-level entity name                                            ; Giraffe_ADC        ; Giraffe_ADC        ;
; Family name                                                      ; Cyclone IV E       ; Cyclone V          ;
; Use smart compilation                                            ; On                 ; Off                ;
; Maximum processors allowed for parallel compilation              ; All                ;                    ;
; Enable parallel Assembler and Timing Analyzer during compilation ; On                 ; On                 ;
; Enable compact report table                                      ; Off                ; Off                ;
; Restructure Multiplexers                                         ; Auto               ; Auto               ;
; Create Debugging Nodes for IP Cores                              ; Off                ; Off                ;
; Preserve fewer node names                                        ; On                 ; On                 ;
; Intel FPGA IP Evaluation Mode                                    ; Enable             ; Enable             ;
; Verilog Version                                                  ; Verilog_2001       ; Verilog_2001       ;
; VHDL Version                                                     ; VHDL_1993          ; VHDL_1993          ;
; State Machine Processing                                         ; Auto               ; Auto               ;
; Safe State Machine                                               ; Off                ; Off                ;
; Extract Verilog State Machines                                   ; On                 ; On                 ;
; Extract VHDL State Machines                                      ; On                 ; On                 ;
; Ignore Verilog initial constructs                                ; Off                ; Off                ;
; Iteration limit for constant Verilog loops                       ; 5000               ; 5000               ;
; Iteration limit for non-constant Verilog loops                   ; 250                ; 250                ;
; Add Pass-Through Logic to Inferred RAMs                          ; On                 ; On                 ;
; Infer RAMs from Raw Logic                                        ; On                 ; On                 ;
; Parallel Synthesis                                               ; On                 ; On                 ;
; DSP Block Balancing                                              ; Auto               ; Auto               ;
; NOT Gate Push-Back                                               ; On                 ; On                 ;
; Power-Up Don't Care                                              ; On                 ; On                 ;
; Remove Redundant Logic Cells                                     ; Off                ; Off                ;
; Remove Duplicate Registers                                       ; On                 ; On                 ;
; Ignore CARRY Buffers                                             ; Off                ; Off                ;
; Ignore CASCADE Buffers                                           ; Off                ; Off                ;
; Ignore GLOBAL Buffers                                            ; Off                ; Off                ;
; Ignore ROW GLOBAL Buffers                                        ; Off                ; Off                ;
; Ignore LCELL Buffers                                             ; Off                ; Off                ;
; Ignore SOFT Buffers                                              ; On                 ; On                 ;
; Limit AHDL Integers to 32 Bits                                   ; Off                ; Off                ;
; Optimization Technique                                           ; Balanced           ; Balanced           ;
; Carry Chain Length                                               ; 70                 ; 70                 ;
; Auto Carry Chains                                                ; On                 ; On                 ;
; Auto Open-Drain Pins                                             ; On                 ; On                 ;
; Perform WYSIWYG Primitive Resynthesis                            ; Off                ; Off                ;
; Auto ROM Replacement                                             ; On                 ; On                 ;
; Auto RAM Replacement                                             ; On                 ; On                 ;
; Auto DSP Block Replacement                                       ; On                 ; On                 ;
; Auto Shift Register Replacement                                  ; Auto               ; Auto               ;
; Allow Shift Register Merging across Hierarchies                  ; Auto               ; Auto               ;
; Auto Clock Enable Replacement                                    ; On                 ; On                 ;
; Strict RAM Replacement                                           ; Off                ; Off                ;
; Allow Synchronous Control Signals                                ; On                 ; On                 ;
; Force Use of Synchronous Clear Signals                           ; Off                ; Off                ;
; Auto RAM Block Balancing                                         ; On                 ; On                 ;
; Auto RAM to Logic Cell Conversion                                ; Off                ; Off                ;
; Auto Resource Sharing                                            ; Off                ; Off                ;
; Allow Any RAM Size For Recognition                               ; Off                ; Off                ;
; Allow Any ROM Size For Recognition                               ; Off                ; Off                ;
; Allow Any Shift Register Size For Recognition                    ; Off                ; Off                ;
; Use LogicLock Constraints during Resource Balancing              ; On                 ; On                 ;
; Ignore translate_off and synthesis_off directives                ; Off                ; Off                ;
; Timing-Driven Synthesis                                          ; On                 ; On                 ;
; Report Parameter Settings                                        ; On                 ; On                 ;
; Report Source Assignments                                        ; On                 ; On                 ;
; Report Connectivity Checks                                       ; On                 ; On                 ;
; Ignore Maximum Fan-Out Assignments                               ; Off                ; Off                ;
; Synchronization Register Chain Length                            ; 2                  ; 2                  ;
; Power Optimization During Synthesis                              ; Normal compilation ; Normal compilation ;
; HDL message level                                                ; Level2             ; Level2             ;
; Suppress Register Optimization Related Messages                  ; Off                ; Off                ;
; Number of Removed Registers Reported in Synthesis Report         ; 5000               ; 5000               ;
; Number of Swept Nodes Reported in Synthesis Report               ; 5000               ; 5000               ;
; Number of Inverted Registers Reported in Synthesis Report        ; 100                ; 100                ;
; Clock MUX Protection                                             ; On                 ; On                 ;
; Auto Gated Clock Conversion                                      ; Off                ; Off                ;
; Block Design Naming                                              ; Auto               ; Auto               ;
; SDC constraint protection                                        ; Off                ; Off                ;
; Synthesis Effort                                                 ; Auto               ; Auto               ;
; Shift Register Replacement - Allow Asynchronous Clear Signal     ; On                 ; On                 ;
; Pre-Mapping Resynthesis Optimization                             ; Off                ; Off                ;
; Analysis & Synthesis Message Level                               ; Medium             ; Medium             ;
; Disable Register Merging Across Hierarchies                      ; Auto               ; Auto               ;
; Resource Aware Inference For Block RAM                           ; On                 ; On                 ;
+------------------------------------------------------------------+--------------------+--------------------+


+------------------------------------------+
; Parallel Compilation                     ;
+----------------------------+-------------+
; Processors                 ; Number      ;
+----------------------------+-------------+
; Number detected on machine ; 12          ;
; Maximum allowed            ; 12          ;
;                            ;             ;
; Average used               ; 1.00        ;
; Maximum used               ; 12          ;
;                            ;             ;
; Usage by Processor         ; % Time Used ;
;     Processor 1            ; 100.0%      ;
;     Processor 2            ;   0.0%      ;
;     Processors 3-12        ;   0.0%      ;
+----------------------------+-------------+


+--------------------------------------------------------------------------------------------------------------------------------------------------------+
; Analysis & Synthesis Source Files Read                                                                                                                 ;
+----------------------------------+-----------------+------------------------+----------------------------------------------------------------+---------+
; File Name with User-Entered Path ; Used in Netlist ; File Type              ; File Name with Absolute Path                                   ; Library ;
+----------------------------------+-----------------+------------------------+----------------------------------------------------------------+---------+
; src/uart_tx.v                    ; yes             ; User Verilog HDL File  ; C:/Users/mjg65/Documents/Quartus/Giraffe_ADC/src/uart_tx.v     ;         ;
; src/Giraffe_ADC.v                ; yes             ; User Verilog HDL File  ; C:/Users/mjg65/Documents/Quartus/Giraffe_ADC/src/Giraffe_ADC.v ;         ;
; src/clk_div.v                    ; yes             ; User Verilog HDL File  ; C:/Users/mjg65/Documents/Quartus/Giraffe_ADC/src/clk_div.v     ;         ;
+----------------------------------+-----------------+------------------------+----------------------------------------------------------------+---------+


+----------------------------------------------------------+
; Analysis & Synthesis Resource Usage Summary              ;
+---------------------------------------------+------------+
; Resource                                    ; Usage      ;
+---------------------------------------------+------------+
; Estimated Total logic elements              ; 131        ;
;                                             ;            ;
; Total combinational functions               ; 131        ;
; Logic element usage by number of LUT inputs ;            ;
;     -- 4 input functions                    ; 51         ;
;     -- 3 input functions                    ; 13         ;
;     -- <=2 input functions                  ; 67         ;
;                                             ;            ;
; Logic elements by mode                      ;            ;
;     -- normal mode                          ; 78         ;
;     -- arithmetic mode                      ; 53         ;
;                                             ;            ;
; Total registers                             ; 75         ;
;     -- Dedicated logic registers            ; 75         ;
;     -- I/O registers                        ; 0          ;
;                                             ;            ;
; I/O pins                                    ; 16         ;
;                                             ;            ;
; Embedded Multiplier 9-bit elements          ; 0          ;
;                                             ;            ;
; Maximum fan-out node                        ; nrst~input ;
; Maximum fan-out                             ; 76         ;
; Total fan-out                               ; 714        ;
; Average fan-out                             ; 3.00       ;
+---------------------------------------------+------------+


+---------------------------------------------------------------------------------------------------------------------------------------------------------------------------------------------------------------------+
; Analysis & Synthesis Resource Utilization by Entity                                                                                                                                                                 ;
+----------------------------+---------------------+---------------------------+-------------+--------------+---------+-----------+------+--------------+--------------------------------+-------------+--------------+
; Compilation Hierarchy Node ; Combinational ALUTs ; Dedicated Logic Registers ; Memory Bits ; DSP Elements ; DSP 9x9 ; DSP 18x18 ; Pins ; Virtual Pins ; Full Hierarchy Name            ; Entity Name ; Library Name ;
+----------------------------+---------------------+---------------------------+-------------+--------------+---------+-----------+------+--------------+--------------------------------+-------------+--------------+
; |Giraffe_ADC               ; 131 (17)            ; 75 (10)                   ; 0           ; 0            ; 0       ; 0         ; 16   ; 0            ; |Giraffe_ADC                   ; Giraffe_ADC ; work         ;
;    |clk_div:u_clk_div|     ; 28 (28)             ; 17 (17)                   ; 0           ; 0            ; 0       ; 0         ; 0    ; 0            ; |Giraffe_ADC|clk_div:u_clk_div ; clk_div     ; work         ;
;    |uart_tx:u_uart_tx|     ; 86 (86)             ; 48 (48)                   ; 0           ; 0            ; 0       ; 0         ; 0    ; 0            ; |Giraffe_ADC|uart_tx:u_uart_tx ; uart_tx     ; work         ;
+----------------------------+---------------------+---------------------------+-------------+--------------+---------+-----------+------+--------------+--------------------------------+-------------+--------------+
Note: For table entries with two numbers listed, the numbers in parentheses indicate the number of resources of the given type used by the specific entity alone. The numbers listed outside of parentheses indicate the total resources of the given type used by the specific entity and all of its sub-entities in the hierarchy.


Encoding Type:  One-Hot
+---------------------------------------------------+
; State Machine - |Giraffe_ADC|uart_tx:u_uart_tx|cs ;
+----------+---------+---------+----------+---------+
; Name     ; cs.STOP ; cs.DATA ; cs.START ; cs.IDLE ;
+----------+---------+---------+----------+---------+
; cs.IDLE  ; 0       ; 0       ; 0        ; 0       ;
; cs.START ; 0       ; 0       ; 1        ; 1       ;
; cs.DATA  ; 0       ; 1       ; 0        ; 1       ;
; cs.STOP  ; 1       ; 0       ; 0        ; 1       ;
+----------+---------+---------+----------+---------+


+------------------------------------------------------------------------------------+
; Registers Removed During Synthesis                                                 ;
+---------------------------------------+--------------------------------------------+
; Register name                         ; Reason for Removal                         ;
+---------------------------------------+--------------------------------------------+
; uart_tx:u_uart_tx|wdata_reg[7]        ; Merged with uart_tx:u_uart_tx|wdata_reg[6] ;
; uart_tx:u_uart_tx|cs~4                ; Lost fanout                                ;
; uart_tx:u_uart_tx|cs~5                ; Lost fanout                                ;
; Total Number of Removed Registers = 3 ;                                            ;
+---------------------------------------+--------------------------------------------+


+------------------------------------------------------+
; General Register Statistics                          ;
+----------------------------------------------+-------+
; Statistic                                    ; Value ;
+----------------------------------------------+-------+
; Total registers                              ; 75    ;
; Number of registers using Synchronous Clear  ; 32    ;
; Number of registers using Synchronous Load   ; 32    ;
; Number of registers using Asynchronous Clear ; 68    ;
; Number of registers using Asynchronous Load  ; 0     ;
; Number of registers using Clock Enable       ; 7     ;
; Number of registers using Preset             ; 0     ;
+----------------------------------------------+-------+


+--------------------------------------------------+
; Inverted Register Statistics                     ;
+----------------------------------------+---------+
; Inverted Register                      ; Fan out ;
+----------------------------------------+---------+
; uart_tx:u_uart_tx|tx_reg               ; 1       ;
; Total number of inverted registers = 1 ;         ;
+----------------------------------------+---------+


+-----------------------------------------------------------------------------+
; Parameter Settings for User Entity Instance: Top-level Entity: |Giraffe_ADC ;
+----------------+----------+-------------------------------------------------+
; Parameter Name ; Value    ; Type                                            ;
+----------------+----------+-------------------------------------------------+
; BAUDRATE       ; 115200   ; Signed Integer                                  ;
; FREQ           ; 50000000 ; Signed Integer                                  ;
; N_start        ; 1        ; Signed Integer                                  ;
; N_data         ; 8        ; Signed Integer                                  ;
; N_stop         ; 1        ; Signed Integer                                  ;
; N_bit          ; 6        ; Signed Integer                                  ;
; NUM_DIV        ; 5000     ; Signed Integer                                  ;
+----------------+----------+-------------------------------------------------+
Note: In order to hide this table in the UI and the text report file, please set the "Show Parameter Settings in Synthesis Report" option in "Analysis and Synthesis Settings -> More Settings" to "Off".


+----------------------------------------------------------------+
; Parameter Settings for User Entity Instance: clk_div:u_clk_div ;
+----------------+-------+---------------------------------------+
; Parameter Name ; Value ; Type                                  ;
+----------------+-------+---------------------------------------+
; NUM_DIV        ; 5000  ; Signed Integer                        ;
+----------------+-------+---------------------------------------+
Note: In order to hide this table in the UI and the text report file, please set the "Show Parameter Settings in Synthesis Report" option in "Analysis and Synthesis Settings -> More Settings" to "Off".


+----------------------------------------------------------------+
; Parameter Settings for User Entity Instance: uart_tx:u_uart_tx ;
+----------------+----------+------------------------------------+
; Parameter Name ; Value    ; Type                               ;
+----------------+----------+------------------------------------+
; BAUDRATE       ; 115200   ; Signed Integer                     ;
; FREQ           ; 50000000 ; Signed Integer                     ;
; N_start        ; 1        ; Signed Integer                     ;
; N_data         ; 8        ; Signed Integer                     ;
; N_stop         ; 1        ; Signed Integer                     ;
+----------------+----------+------------------------------------+
Note: In order to hide this table in the UI and the text report file, please set the "Show Parameter Settings in Synthesis Report" option in "Analysis and Synthesis Settings -> More Settings" to "Off".


+----------------------------------------------------------------------------------------------------------------+
; Port Connectivity Checks: "uart_tx:u_uart_tx"                                                                  ;
+------+--------+----------+-------------------------------------------------------------------------------------+
; Port ; Type   ; Severity ; Details                                                                             ;
+------+--------+----------+-------------------------------------------------------------------------------------+
; rdy  ; Output ; Info     ; Connected to dangling logic. Logic that only feeds a dangling port will be removed. ;
+------+--------+----------+-------------------------------------------------------------------------------------+


+-----------------------------------------------------+
; Post-Synthesis Netlist Statistics for Top Partition ;
+-----------------------+-----------------------------+
; Type                  ; Count                       ;
+-----------------------+-----------------------------+
; boundary_port         ; 16                          ;
; cycloneiii_ff         ; 75                          ;
;     CLR               ; 36                          ;
;     CLR SCLR SLD      ; 32                          ;
;     ENA               ; 7                           ;
; cycloneiii_lcell_comb ; 132                         ;
;     arith             ; 53                          ;
;         2 data inputs ; 53                          ;
;     normal            ; 79                          ;
;         0 data inputs ; 1                           ;
;         1 data inputs ; 4                           ;
;         2 data inputs ; 10                          ;
;         3 data inputs ; 13                          ;
;         4 data inputs ; 51                          ;
;                       ;                             ;
; Max LUT depth         ; 5.00                        ;
; Average LUT depth     ; 3.35                        ;
+-----------------------+-----------------------------+


+-------------------------------+
; Elapsed Time Per Partition    ;
+----------------+--------------+
; Partition Name ; Elapsed Time ;
+----------------+--------------+
; Top            ; 00:00:00     ;
+----------------+--------------+


+-------------------------------+
; Analysis & Synthesis Messages ;
+-------------------------------+
Info: *******************************************************************
Info: Running Quartus Prime Analysis & Synthesis
    Info: Version 18.1.0 Build 625 09/12/2018 SJ Standard Edition
    Info: Processing started: Sun Sep 18 12:48:14 2022
Info: Command: quartus_map --read_settings_files=on --write_settings_files=off Giraffe_ADC -c Giraffe_ADC
Info (20030): Parallel compilation is enabled and will use 12 of the 12 processors detected
Info (12021): Found 1 design units, including 1 entities, in source file src/uart_tx.v
    Info (12023): Found entity 1: uart_tx File: C:/Users/mjg65/Documents/Quartus/Giraffe_ADC/src/uart_tx.v Line: 3
Info (12021): Found 1 design units, including 1 entities, in source file src/giraffe_adc.v
    Info (12023): Found entity 1: Giraffe_ADC File: C:/Users/mjg65/Documents/Quartus/Giraffe_ADC/src/Giraffe_ADC.v Line: 1
Info (12021): Found 1 design units, including 1 entities, in source file src/clk_div.v
    Info (12023): Found entity 1: clk_div File: C:/Users/mjg65/Documents/Quartus/Giraffe_ADC/src/clk_div.v Line: 1
Warning (10236): Verilog HDL Implicit Net warning at Giraffe_ADC.v(64): created implicit net for "uart_rdy" File: C:/Users/mjg65/Documents/Quartus/Giraffe_ADC/src/Giraffe_ADC.v Line: 64
Warning (10222): Verilog HDL Parameter Declaration warning at uart_tx.v(39): Parameter Declaration in module "uart_tx" behaves as a Local Parameter Declaration because the module has a Module Parameter Port List File: C:/Users/mjg65/Documents/Quartus/Giraffe_ADC/src/uart_tx.v Line: 39
Info (12127): Elaborating entity "Giraffe_ADC" for the top level hierarchy
Warning (10036): Verilog HDL or VHDL warning at Giraffe_ADC.v(106): object "ack_unit_delay2" assigned a value but never read File: C:/Users/mjg65/Documents/Quartus/Giraffe_ADC/src/Giraffe_ADC.v Line: 106
Info (12128): Elaborating entity "clk_div" for hierarchy "clk_div:u_clk_div" File: C:/Users/mjg65/Documents/Quartus/Giraffe_ADC/src/Giraffe_ADC.v Line: 50
Info (12128): Elaborating entity "uart_tx" for hierarchy "uart_tx:u_uart_tx" File: C:/Users/mjg65/Documents/Quartus/Giraffe_ADC/src/Giraffe_ADC.v Line: 66
Warning (10235): Verilog HDL Always Construct warning at uart_tx.v(60): variable "cnt_bit" is read inside the Always Construct but isn't in the Always Construct's Event Control File: C:/Users/mjg65/Documents/Quartus/Giraffe_ADC/src/uart_tx.v Line: 60
Warning (10235): Verilog HDL Always Construct warning at uart_tx.v(65): variable "cnt_bit" is read inside the Always Construct but isn't in the Always Construct's Event Control File: C:/Users/mjg65/Documents/Quartus/Giraffe_ADC/src/uart_tx.v Line: 65
Warning (10235): Verilog HDL Always Construct warning at uart_tx.v(70): variable "cnt_bit" is read inside the Always Construct but isn't in the Always Construct's Event Control File: C:/Users/mjg65/Documents/Quartus/Giraffe_ADC/src/uart_tx.v Line: 70
Warning (10230): Verilog HDL assignment warning at uart_tx.v(114): truncated value with size 32 to match size of target (4) File: C:/Users/mjg65/Documents/Quartus/Giraffe_ADC/src/uart_tx.v Line: 114
Warning (10230): Verilog HDL assignment warning at uart_tx.v(123): truncated value with size 32 to match size of target (4) File: C:/Users/mjg65/Documents/Quartus/Giraffe_ADC/src/uart_tx.v Line: 123
Warning (10230): Verilog HDL assignment warning at uart_tx.v(133): truncated value with size 32 to match size of target (4) File: C:/Users/mjg65/Documents/Quartus/Giraffe_ADC/src/uart_tx.v Line: 133
Info (13000): Registers with preset signals will power-up high File: C:/Users/mjg65/Documents/Quartus/Giraffe_ADC/src/uart_tx.v Line: 94
Info (13003): DEV_CLRn pin will set, and not reset, register with preset signal due to NOT Gate Push-Back
Info (286030): Timing-Driven Synthesis is running
Info (17049): 2 registers lost all their fanouts during netlist optimizations.
Info (16010): Generating hard_block partition "hard_block:auto_generated_inst"
    Info (16011): Adding 0 node(s), including 0 DDIO, 0 PLL, 0 transceiver and 0 LCELL
Info (21057): Implemented 152 device resources after synthesis - the final resource count might be different
    Info (21058): Implemented 11 input pins
    Info (21059): Implemented 5 output pins
    Info (21061): Implemented 136 logic cells
Info: Quartus Prime Analysis & Synthesis was successful. 0 errors, 9 warnings
    Info: Peak virtual memory: 4822 megabytes
    Info: Processing ended: Sun Sep 18 12:48:25 2022
    Info: Elapsed time: 00:00:11
    Info: Total CPU time (on all processors): 00:00:22


